Using pre-set license
Built from '2020.3/staging' branch; Version is '2020.3.20f1 (41c4e627c95f) revision 4310246'; Using compiler version '192528614'; Build Type 'Release'
OS: 'Windows 10 Pro; OS build 19044.1766; Version 2009; 64bit' Language: 'en' Physical Memory: 8072 MB
BatchMode: 1, IsHumanControllingUs: 0, StartBugReporterOnCrash: 0, Is64bit: 1, IsPro: 0

COMMAND LINE ARGUMENTS:
C:\Program Files\Unity\Hub\Editor\2020.3.20f1\Editor\Unity.exe
-adb2
-batchMode
-noUpm
-name
AssetImportWorker0
-projectPath
G:/isorpggame/isorpggame
-logFile
Logs/AssetImportWorker0.log
-srvPort
51085
Successfully changed project path to: G:/isorpggame/isorpggame
G:/isorpggame/isorpggame
Using Asset Import Pipeline V2.
Refreshing native plugins compatible for Editor in 92.53 ms, found 3 plugins.
Preloading 0 native plugins for Editor in 0.00 ms.
Initialize engine version: 2020.3.20f1 (41c4e627c95f)
[Subsystems] Discovering subsystems at path C:/Program Files/Unity/Hub/Editor/2020.3.20f1/Editor/Data/Resources/UnitySubsystems
[Subsystems] Discovering subsystems at path G:/isorpggame/isorpggame/Assets
GfxDevice: creating device client; threaded=0
Direct3D:
    Version:  Direct3D 11.0 [level 11.1]
    Renderer: Intel(R) HD Graphics 530 (ID=0x1912)
    Vendor:   
    VRAM:     4036 MB
    Driver:   27.20.100.9416
Initialize mono
Mono path[0] = 'C:/Program Files/Unity/Hub/Editor/2020.3.20f1/Editor/Data/Managed'
Mono path[1] = 'C:/Program Files/Unity/Hub/Editor/2020.3.20f1/Editor/Data/MonoBleedingEdge/lib/mono/unityjit'
Mono config path = 'C:/Program Files/Unity/Hub/Editor/2020.3.20f1/Editor/Data/MonoBleedingEdge/etc'
Using monoOptions --debugger-agent=transport=dt_socket,embedding=1,server=y,suspend=n,address=127.0.0.1:56512
Begin MonoManager ReloadAssembly
Registering precompiled unity dll's ...
Register platform support module: C:/Program Files/Unity/Hub/Editor/2020.3.20f1/Editor/Data/PlaybackEngines/WebGLSupport/UnityEditor.WebGL.Extensions.dll
Register platform support module: C:/Program Files/Unity/Hub/Editor/2020.3.20f1/Editor/Data/PlaybackEngines/MacStandaloneSupport/UnityEditor.OSXStandalone.Extensions.dll
Register platform support module: C:/Program Files/Unity/Hub/Editor/2020.3.20f1/Editor/Data/PlaybackEngines/WindowsStandaloneSupport/UnityEditor.WindowsStandalone.Extensions.dll
Register platform support module: C:/Program Files/Unity/Hub/Editor/2020.3.20f1/Editor/Data/PlaybackEngines/LinuxStandaloneSupport/UnityEditor.LinuxStandalone.Extensions.dll
Registered in 0.094080 seconds.
Native extension for LinuxStandalone target not found
Native extension for WindowsStandalone target not found
Native extension for OSXStandalone target not found
Native extension for WebGL target not found
Refreshing native plugins compatible for Editor in 105.14 ms, found 3 plugins.
Preloading 0 native plugins for Editor in 0.00 ms.
Mono: successfully reloaded assembly
- Completed reload, in  8.760 seconds
Domain Reload Profiling:
	ReloadAssembly (8762ms)
		BeginReloadAssembly (125ms)
			ExecutionOrderSort (0ms)
			DisableScriptedObjects (0ms)
			BackupInstance (0ms)
			ReleaseScriptingObjects (0ms)
			CreateAndSetChildDomain (7ms)
		EndReloadAssembly (1956ms)
			LoadAssemblies (109ms)
			RebuildTransferFunctionScriptingTraits (1ms)
			SetupTypeCache (923ms)
			ReleaseScriptCaches (0ms)
			RebuildScriptCaches (168ms)
			SetupLoadedEditorAssemblies (692ms)
				LogAssemblyErrors (0ms)
				InitializePlatformSupportModulesInManaged (20ms)
				SetLoadedEditorAssemblies (1ms)
				RefreshPlugins (105ms)
				BeforeProcessingInitializeOnLoad (37ms)
				ProcessInitializeOnLoadAttributes (462ms)
				ProcessInitializeOnLoadMethodAttributes (67ms)
				AfterProcessingInitializeOnLoad (0ms)
				EditorAssembliesLoaded (0ms)
			ExecutionOrderSort2 (0ms)
			AwakeInstancesAfterBackupRestoration (0ms)
Platform modules already initialized, skipping
Registering precompiled user dll's ...
Registered in 0.012370 seconds.
Begin MonoManager ReloadAssembly
Native extension for LinuxStandalone target not found
Native extension for WindowsStandalone target not found
Native extension for OSXStandalone target not found
Native extension for WebGL target not found
Refreshing native plugins compatible for Editor in 80.84 ms, found 3 plugins.
Preloading 0 native plugins for Editor in 0.00 ms.
Mono: successfully reloaded assembly
- Completed reload, in  2.685 seconds
Domain Reload Profiling:
	ReloadAssembly (2687ms)
		BeginReloadAssembly (331ms)
			ExecutionOrderSort (0ms)
			DisableScriptedObjects (9ms)
			BackupInstance (0ms)
			ReleaseScriptingObjects (0ms)
			CreateAndSetChildDomain (37ms)
		EndReloadAssembly (2167ms)
			LoadAssemblies (549ms)
			RebuildTransferFunctionScriptingTraits (0ms)
			SetupTypeCache (586ms)
			ReleaseScriptCaches (1ms)
			RebuildScriptCaches (88ms)
			SetupLoadedEditorAssemblies (685ms)
				LogAssemblyErrors (0ms)
				InitializePlatformSupportModulesInManaged (24ms)
				SetLoadedEditorAssemblies (0ms)
				RefreshPlugins (81ms)
				BeforeProcessingInitializeOnLoad (113ms)
				ProcessInitializeOnLoadAttributes (403ms)
				ProcessInitializeOnLoadMethodAttributes (43ms)
				AfterProcessingInitializeOnLoad (19ms)
				EditorAssembliesLoaded (2ms)
			ExecutionOrderSort2 (0ms)
			AwakeInstancesAfterBackupRestoration (25ms)
Platform modules already initialized, skipping
========================================================================
Worker process is ready to serve import requests
Launched and connected shader compiler UnityShaderCompiler.exe after 0.16 seconds
Refreshing native plugins compatible for Editor in 2.20 ms, found 3 plugins.
Preloading 0 native plugins for Editor in 0.00 ms.
Unloading 2244 Unused Serialized files (Serialized files now loaded: 0)
System memory in use before: 97.1 MB.
System memory in use after: 97.2 MB.

Unloading 26 unused Assets to reduce memory usage. Loaded Objects now: 2683.
Total: 9.710700 ms (FindLiveObjects: 0.761300 ms CreateObjectMapping: 0.192000 ms MarkObjects: 8.658000 ms  DeleteObjects: 0.096700 ms)

AssetImportParameters requested are different than current active one (requested -> active):
  custom:framework-win-MediaFoundation: 216162199b28c13a410421893ffa2e32 -> 
  custom:video-decoder-ogg-theora: a1e56fd34408186e4bbccfd4996cb3dc -> 
  custom:container-muxer-webm: aa71ff27fc2769a1b78a27578f13a17b -> 
  custom:container-demuxer-webm: 4f35f7cbe854078d1ac9338744f61a02 -> 
  custom:container-demuxer-ogg: 62fdf1f143b41e24485cea50d1cbac27 -> 
  custom:video-encoder-webm-vp8: eb34c28f22e8b96e1ab97ce403110664 -> 
  custom:video-decoder-webm-vp8: 9c59270c3fd7afecdb556c50c9e8de78 -> 
  custom:audio-decoder-ogg-vorbis: bf7c407c2cedff20999df2af8eb42d56 -> 
  custom:audio-encoder-webm-vorbis: bf7c407c2cedff20999df2af8eb42d56 -> 
========================================================================
Received Import Request.
  path: Assets/SuperTiled2Unity/SuperTiled2Unity.asmdef
  artifactKey: Guid(06e56dbbb8dec4d43a0b85b0fe0dd0ca) Importer(815301076,1909f56bfc062723c751e8b465ee728b)
Start importing Assets/SuperTiled2Unity/SuperTiled2Unity.asmdef using Guid(06e56dbbb8dec4d43a0b85b0fe0dd0ca) Importer(815301076,1909f56bfc062723c751e8b465ee728b)  -> (artifact id: '077dc2e7641f43105fe60c885c20f5b2') in 0.231715 seconds 
  Import took 0.238968 seconds .

========================================================================
Received Import Request.
  Time since last request: 8.938689 seconds.
  path: Assets
  artifactKey: Guid(00000000000000001000000000000000) Importer(815301076,1909f56bfc062723c751e8b465ee728b)
Start importing Assets using Guid(00000000000000001000000000000000) Importer(815301076,1909f56bfc062723c751e8b465ee728b)  -> (artifact id: '42d402b061de3733987d63b9cc3b64de') in 0.086897 seconds 
  Import took 0.093310 seconds .

========================================================================
Received Import Request.
  Time since last request: 9.890632 seconds.
  path: Assets/Scripts
  artifactKey: Guid(13f9f293808cd0f438d91570471bbcf4) Importer(815301076,1909f56bfc062723c751e8b465ee728b)
Start importing Assets/Scripts using Guid(13f9f293808cd0f438d91570471bbcf4) Importer(815301076,1909f56bfc062723c751e8b465ee728b)  -> (artifact id: 'b296024df9af83ecb08fd08c2cb719cb') in 0.083273 seconds 
  Import took 0.091480 seconds .

========================================================================
Received Import Request.
  Time since last request: 15.261045 seconds.
  path: Assets/Tilemaps
  artifactKey: Guid(7763ad424d6b6c64d84691ee61f3b60e) Importer(815301076,1909f56bfc062723c751e8b465ee728b)
Start importing Assets/Tilemaps using Guid(7763ad424d6b6c64d84691ee61f3b60e) Importer(815301076,1909f56bfc062723c751e8b465ee728b)  -> (artifact id: 'aa68349006bbff6c246645bffc49c0ff') in 0.028730 seconds 
  Import took 0.036399 seconds .

========================================================================
Received Import Request.
  Time since last request: 9.612595 seconds.
  path: Assets/Tilemaps/Tilesets
  artifactKey: Guid(2623273640c99ab4dafa4a212f053537) Importer(815301076,1909f56bfc062723c751e8b465ee728b)
Start importing Assets/Tilemaps/Tilesets using Guid(2623273640c99ab4dafa4a212f053537) Importer(815301076,1909f56bfc062723c751e8b465ee728b)  -> (artifact id: '46438da749ab5249c21b7ffd19e5dff8') in 0.086588 seconds 
  Import took 0.153502 seconds .

========================================================================
Received Import Request.
  Time since last request: 6.189422 seconds.
  path: Assets/Tilemaps/Maps
  artifactKey: Guid(c95ba71f024516b48bfb4138319a21f2) Importer(815301076,1909f56bfc062723c751e8b465ee728b)
Start importing Assets/Tilemaps/Maps using Guid(c95ba71f024516b48bfb4138319a21f2) Importer(815301076,1909f56bfc062723c751e8b465ee728b)  -> (artifact id: '897119e1b78cf63fac8137d2ce733cae') in 0.072642 seconds 
  Import took 0.127902 seconds .

========================================================================
Received Import Request.
  Time since last request: 11.161618 seconds.
  path: Assets/Tilemaps/Tilesets/Images
  artifactKey: Guid(cd316e466ad83c24fad3e7ce27a8ea8a) Importer(815301076,1909f56bfc062723c751e8b465ee728b)
Start importing Assets/Tilemaps/Tilesets/Images using Guid(cd316e466ad83c24fad3e7ce27a8ea8a) Importer(815301076,1909f56bfc062723c751e8b465ee728b)  -> (artifact id: '42330ee909127ca5404749433302c191') in 0.028094 seconds 
  Import took 0.036316 seconds .

========================================================================
Received Import Request.
  Time since last request: 91.576537 seconds.
  path: Assets/Tilemaps/Tilesets/Images/testingFullBlock.png
  artifactKey: Guid(915aa6d09bb439c4fbdad9d560f666ee) Importer(815301076,1909f56bfc062723c751e8b465ee728b)
Start importing Assets/Tilemaps/Tilesets/Images/testingFullBlock.png using Guid(915aa6d09bb439c4fbdad9d560f666ee) Importer(815301076,1909f56bfc062723c751e8b465ee728b)  -> (artifact id: 'ad47c7b5d6c85823fa236c2bb24547bf') in 0.381036 seconds 
  Import took 0.404591 seconds .

========================================================================
Received Import Request.
  Time since last request: 731.456211 seconds.
  path: Assets/Tilemaps/Tilesets/Test.tsx
  artifactKey: Guid(522d69f29b99ac94bb65631372028801) Importer(815301076,1909f56bfc062723c751e8b465ee728b)
Start importing Assets/Tilemaps/Tilesets/Test.tsx using Guid(522d69f29b99ac94bb65631372028801) Importer(815301076,1909f56bfc062723c751e8b465ee728b)  -> (artifact id: '54998cde3061316fd13ffe1d96930a75') in 0.335295 seconds 
  Import took 0.348245 seconds .

========================================================================
Received Import Request.
  Time since last request: 7.949011 seconds.
  path: Assets/Tilemaps/Maps/Test.tmx
  artifactKey: Guid(81ed627bda98f334dbf313c0c672bec4) Importer(815301076,1909f56bfc062723c751e8b465ee728b)
Start importing Assets/Tilemaps/Maps/Test.tmx using Guid(81ed627bda98f334dbf313c0c672bec4) Importer(815301076,1909f56bfc062723c751e8b465ee728b)  -> (artifact id: 'e88818ef96faafb58c13423a35c3b2a6') in 0.298176 seconds 
  Import took 0.340782 seconds .

========================================================================
Received Import Request.
  Time since last request: 73.798452 seconds.
  path: Assets/Tilemaps/Tilesets/Images/testingFullBlock.png
  artifactKey: Guid(915aa6d09bb439c4fbdad9d560f666ee) Importer(815301076,1909f56bfc062723c751e8b465ee728b)
Start importing Assets/Tilemaps/Tilesets/Images/testingFullBlock.png using Guid(915aa6d09bb439c4fbdad9d560f666ee) Importer(815301076,1909f56bfc062723c751e8b465ee728b)  -> (artifact id: '36ff9c035572d10047bc5adc59be8f6f') in 0.063991 seconds 
  Import took 0.071861 seconds .

